0 info it worked if it ends with ok
1 verbose cli [ '/usr/bin/node', '/bin/npm', 'install', '--save-dev', 'grunt' ]
2 info using npm@2.14.12
3 info using node@v4.3.1
4 verbose install initial load of /var/www/html/vdc/portal/package.json
5 verbose readDependencies loading dependencies from /var/www/html/vdc/portal/package.json
6 silly cache add args [ 'grunt', null ]
7 verbose cache add spec grunt
8 silly cache add parsed spec Result {
8 silly cache add   raw: 'grunt',
8 silly cache add   scope: null,
8 silly cache add   name: 'grunt',
8 silly cache add   rawSpec: '',
8 silly cache add   spec: 'latest',
8 silly cache add   type: 'tag' }
9 silly addNamed grunt@latest
10 verbose addNamed "latest" is being treated as a dist-tag for grunt
11 info addNameTag [ 'grunt', 'latest' ]
12 silly mapToRegistry name grunt
13 silly mapToRegistry using default registry
14 silly mapToRegistry registry https://registry.npmjs.org/
15 silly mapToRegistry uri https://registry.npmjs.org/grunt
16 verbose addNameTag registry:https://registry.npmjs.org/grunt not in flight; fetching
17 verbose request uri https://registry.npmjs.org/grunt
18 verbose request no auth needed
19 info attempt registry request try #1 at 7:58:19 AM
20 verbose request id c2916bd9057e5643
21 verbose etag "1S6AZSLESD80RDNLWAC22R5MB"
22 http request GET https://registry.npmjs.org/grunt
23 http 304 https://registry.npmjs.org/grunt
24 verbose headers { date: 'Thu, 25 Feb 2016 07:58:21 GMT',
24 verbose headers   via: '1.1 varnish',
24 verbose headers   'cache-control': 'max-age=300',
24 verbose headers   etag: '"1S6AZSLESD80RDNLWAC22R5MB"',
24 verbose headers   age: '206',
24 verbose headers   connection: 'keep-alive',
24 verbose headers   'x-served-by': 'cache-sin6923-SIN',
24 verbose headers   'x-cache': 'HIT',
24 verbose headers   'x-cache-hits': '5',
24 verbose headers   'x-timer': 'S1456387101.989983,VS0,VE0',
24 verbose headers   vary: 'Accept' }
25 silly get cb [ 304,
25 silly get   { date: 'Thu, 25 Feb 2016 07:58:21 GMT',
25 silly get     via: '1.1 varnish',
25 silly get     'cache-control': 'max-age=300',
25 silly get     etag: '"1S6AZSLESD80RDNLWAC22R5MB"',
25 silly get     age: '206',
25 silly get     connection: 'keep-alive',
25 silly get     'x-served-by': 'cache-sin6923-SIN',
25 silly get     'x-cache': 'HIT',
25 silly get     'x-cache-hits': '5',
25 silly get     'x-timer': 'S1456387101.989983,VS0,VE0',
25 silly get     vary: 'Accept' } ]
26 verbose etag https://registry.npmjs.org/grunt from cache
27 verbose get saving grunt to /root/.npm/registry.npmjs.org/grunt/.cache.json
28 silly addNameTag next cb for grunt with tag latest
29 silly addNamed grunt@0.4.5
30 verbose addNamed "0.4.5" is a plain semver version for grunt
31 silly cache afterAdd grunt@0.4.5
32 verbose afterAdd /root/.npm/grunt/0.4.5/package/package.json not in flight; writing
33 verbose afterAdd /root/.npm/grunt/0.4.5/package/package.json written
34 silly install resolved [ { name: 'grunt',
34 silly install resolved     description: 'The JavaScript Task Runner',
34 silly install resolved     version: '0.4.5',
34 silly install resolved     author: { name: '"Cowboy" Ben Alman', url: 'http://benalman.com/' },
34 silly install resolved     homepage: 'http://gruntjs.com/',
34 silly install resolved     repository: { type: 'git', url: 'git://github.com/gruntjs/grunt.git' },
34 silly install resolved     bugs: { url: 'http://github.com/gruntjs/grunt/issues' },
34 silly install resolved     licenses: [ [Object] ],
34 silly install resolved     main: 'lib/grunt',
34 silly install resolved     scripts: { test: 'grunt test' },
34 silly install resolved     engines: { node: '>= 0.8.0' },
34 silly install resolved     keywords:
34 silly install resolved      [ 'task',
34 silly install resolved        'async',
34 silly install resolved        'cli',
34 silly install resolved        'minify',
34 silly install resolved        'uglify',
34 silly install resolved        'build',
34 silly install resolved        'lodash',
34 silly install resolved        'unit',
34 silly install resolved        'test',
34 silly install resolved        'qunit',
34 silly install resolved        'nodeunit',
34 silly install resolved        'server',
34 silly install resolved        'init',
34 silly install resolved        'scaffold',
34 silly install resolved        'make',
34 silly install resolved        'jake',
34 silly install resolved        'tool' ],
34 silly install resolved     dependencies:
34 silly install resolved      { async: '~0.1.22',
34 silly install resolved        'coffee-script': '~1.3.3',
34 silly install resolved        colors: '~0.6.2',
34 silly install resolved        dateformat: '1.0.2-1.2.3',
34 silly install resolved        eventemitter2: '~0.4.13',
34 silly install resolved        'findup-sync': '~0.1.2',
34 silly install resolved        glob: '~3.1.21',
34 silly install resolved        hooker: '~0.2.3',
34 silly install resolved        'iconv-lite': '~0.2.11',
34 silly install resolved        minimatch: '~0.2.12',
34 silly install resolved        nopt: '~1.0.10',
34 silly install resolved        rimraf: '~2.2.8',
34 silly install resolved        lodash: '~0.9.2',
34 silly install resolved        'underscore.string': '~2.2.1',
34 silly install resolved        which: '~1.0.5',
34 silly install resolved        'js-yaml': '~2.0.5',
34 silly install resolved        exit: '~0.1.1',
34 silly install resolved        getobject: '~0.1.0',
34 silly install resolved        'grunt-legacy-util': '~0.2.0',
34 silly install resolved        'grunt-legacy-log': '~0.1.0' },
34 silly install resolved     devDependencies:
34 silly install resolved      { temporary: '~0.0.4',
34 silly install resolved        'grunt-contrib-jshint': '~0.6.4',
34 silly install resolved        'grunt-contrib-nodeunit': '~0.2.0',
34 silly install resolved        'grunt-contrib-watch': '~0.5.3',
34 silly install resolved        difflet: '~0.2.3',
34 silly install resolved        semver: '2.1.0',
34 silly install resolved        shelljs: '~0.2.5' },
34 silly install resolved     _id: 'grunt@0.4.5',
34 silly install resolved     dist:
34 silly install resolved      { shasum: '56937cd5194324adff6d207631832a9d6ba4e7f0',
34 silly install resolved        tarball: 'http://registry.npmjs.org/grunt/-/grunt-0.4.5.tgz' },
34 silly install resolved     _from: 'grunt@latest',
34 silly install resolved     _npmVersion: '1.4.4',
34 silly install resolved     _npmUser: { name: 'cowboy', email: 'cowboy@rj3.net' },
34 silly install resolved     maintainers: [ [Object], [Object] ],
34 silly install resolved     directories: {},
34 silly install resolved     _shasum: '56937cd5194324adff6d207631832a9d6ba4e7f0',
34 silly install resolved     _resolved: 'https://registry.npmjs.org/grunt/-/grunt-0.4.5.tgz',
34 silly install resolved     readme: 'ERROR: No README data found!' } ]
35 info install grunt@0.4.5 into /var/www/html/vdc/portal
36 info installOne grunt@0.4.5
37 verbose installOne of grunt to /var/www/html/vdc/portal not in flight; installing
38 verbose lock using /root/.npm/_locks/grunt-d232d398a38e5c0a.lock for /var/www/html/vdc/portal/node_modules/grunt
39 silly install write writing grunt 0.4.5 to /var/www/html/vdc/portal/node_modules/grunt
40 verbose unbuild node_modules/grunt
41 silly gentlyRm /var/www/html/vdc/portal/node_modules/grunt is being purged from base /var/www/html/vdc/portal
42 verbose gentlyRm don't care about contents; nuking /var/www/html/vdc/portal/node_modules/grunt
43 verbose tar unpack /root/.npm/grunt/0.4.5/package.tgz
44 verbose tar unpacking to /var/www/html/vdc/portal/node_modules/grunt
45 silly gentlyRm /var/www/html/vdc/portal/node_modules/grunt is being purged
46 verbose gentlyRm don't care about contents; nuking /var/www/html/vdc/portal/node_modules/grunt
47 silly gunzTarPerm modes [ '755', '644' ]
48 silly gunzTarPerm extractEntry package.json
49 silly gunzTarPerm extractEntry .npmignore
50 silly gunzTarPerm extractEntry README.md
51 error tar.unpack untar error /root/.npm/grunt/0.4.5/package.tgz
52 verbose unlock done using /root/.npm/_locks/grunt-d232d398a38e5c0a.lock for /var/www/html/vdc/portal/node_modules/grunt
53 verbose fstream_path /var/www/html/vdc/portal/node_modules/grunt/package.json
54 verbose fstream_type File
55 verbose fstream_class FileWriter
56 verbose fstream_finish_call chown
57 verbose stack Error: EPERM: operation not permitted, chown '/var/www/html/vdc/portal/node_modules/grunt/package.json'
57 verbose stack     at Error (native)
58 verbose fstream_stack /usr/lib/node_modules/npm/node_modules/fstream/lib/writer.js:306:21
58 verbose fstream_stack /usr/lib/node_modules/npm/node_modules/graceful-fs/polyfills.js:210:7
58 verbose fstream_stack FSReqWrap.oncomplete (fs.js:82:15)
59 verbose cwd /var/www/html/vdc/portal
60 error Linux 3.10.0-327.10.1.el7.x86_64
61 error argv "/usr/bin/node" "/bin/npm" "install" "--save-dev" "grunt"
62 error node v4.3.1
63 error npm  v2.14.12
64 error path /var/www/html/vdc/portal/node_modules/grunt/package.json
65 error code EPERM
66 error errno -1
67 error syscall chown
68 error Error: EPERM: operation not permitted, chown '/var/www/html/vdc/portal/node_modules/grunt/package.json'
68 error     at Error (native)
68 error  { [Error: EPERM: operation not permitted, chown '/var/www/html/vdc/portal/node_modules/grunt/package.json']
68 error   errno: -1,
68 error   code: 'EPERM',
68 error   syscall: 'chown',
68 error   path: '/var/www/html/vdc/portal/node_modules/grunt/package.json',
68 error   fstream_finish_call: 'chown',
68 error   fstream_type: 'File',
68 error   fstream_path: '/var/www/html/vdc/portal/node_modules/grunt/package.json',
68 error   fstream_class: 'FileWriter',
68 error   fstream_stack:
68 error    [ '/usr/lib/node_modules/npm/node_modules/fstream/lib/writer.js:306:21',
68 error      '/usr/lib/node_modules/npm/node_modules/graceful-fs/polyfills.js:210:7',
68 error      'FSReqWrap.oncomplete (fs.js:82:15)' ] }
69 error Please try running this command again as root/Administrator.
70 verbose exit [ -1, true ]
71 verbose unbuild node_modules/grunt
72 info preuninstall grunt@0.4.5
73 info uninstall grunt@0.4.5
74 verbose unbuild rmStuff grunt@0.4.5 from /var/www/html/vdc/portal/node_modules
75 info postuninstall grunt@0.4.5
76 silly gentlyRm /var/www/html/vdc/portal/node_modules/grunt is being purged from base /var/www/html/vdc/portal
77 verbose gentlyRm don't care about contents; nuking /var/www/html/vdc/portal/node_modules/grunt
78 silly vacuum-fs purging /var/www/html/vdc/portal/node_modules/grunt
79 silly vacuum-fs removing /var/www/html/vdc/portal/node_modules
80 silly vacuum-fs finished vacuuming up to /var/www/html/vdc/portal
